#
# A fatal error has been detected by the Java Runtime Environment:
#
#  EXCEPTION_ACCESS_VIOLATION (0xc0000005) at pc=0x00007ffd2fecdb9e, pid=10264, tid=7292
#
# JRE version: OpenJDK Runtime Environment Corretto-11.0.13.8.1 (11.0.13+8) (build 11.0.13+8-LTS)
# Java VM: OpenJDK 64-Bit Server VM Corretto-11.0.13.8.1 (11.0.13+8-LTS, mixed mode, tiered, compressed oops, g1 gc, windows-amd64)
# Problematic frame:
# V  [jvm.dll+0x2cdb9e]
#
# No core dump will be written. Minidumps are not enabled by default on client versions of Windows
#
# If you would like to submit a bug report, please visit:
#   https://github.com/corretto/corretto-11/issues/
#

---------------  S U M M A R Y ------------

Command Line: -javaagent:C:\Program Files\JetBrains\IntelliJ IDEA Community Edition 2021.2.3\lib\idea_rt.jar=64202:C:\Program Files\JetBrains\IntelliJ IDEA Community Edition 2021.2.3\bin -Dfile.encoding=UTF-8 com.fingerprint.sisrapsur.App

Host: Intel(R) Core(TM) i5-7200U CPU @ 2.50GHz, 4 cores, 7G,  Windows 10 , 64 bit Build 18362 (10.0.18362.1)
Time: Thu Nov 18 13:33:49 2021 Hora estándar romance elapsed time: 65.172673 seconds (0d 0h 1m 5s)

---------------  T H R E A D  ---------------

Current thread (0x0000021e3fdc9800):  JavaThread "Thread-325" daemon [_thread_in_vm, id=7292, stack(0x000000e18e800000,0x000000e18e900000)]

Stack: [0x000000e18e800000,0x000000e18e900000],  sp=0x000000e18e8fc390,  free space=1008k
Native frames: (J=compiled Java code, j=interpreted, Vv=VM code, C=native code)
V  [jvm.dll+0x2cdb9e]
V  [jvm.dll+0x2ce089]
V  [jvm.dll+0x3b3a9c]
C  [otdpfpjni.dll+0x13f1]

Java frames: (J=compiled Java code, j=interpreted, Vv=VM code)
j  com.digitalpersona.onetouch.jni.Acquisition.subscribe()V+0
j  com.digitalpersona.onetouch.capture._impl.DPFPCaptureFactoryImpl$CaptureImpl.startCapture()V+76
j  com.fingerprint.sisrapsur.FingerPrint.getSample(Ljava/lang/String;)Lcom/digitalpersona/onetouch/DPFPSample;+63
j  com.fingerprint.sisrapsur.FingerPrint.verify(Ljava/lang/String;)V+31
j  com.fingerprint.sisrapsur.FingerPrint.run()V+107
v  ~StubRoutines::call_stub

siginfo: EXCEPTION_ACCESS_VIOLATION (0xc0000005), reading address 0x0000000000000000


Register to memory mapping:

RIP=0x00007ffd2fecdb9e jvm.dll
RAX=0x00007ffd30519300 jvm.dll
RBX=0x0 is NULL
RCX=0x0000021e3fdc9800 is a thread
RDX=0x00007ffd304c7f68 jvm.dll
RSP=0x000000e18e8fc390 is pointing into the stack for thread: 0x0000021e3fdc9800
RBP=0x00007ffd303e0622 jvm.dll
RSI=0x00007ffd304c7f68 jvm.dll
RDI=0x0 is NULL
R8 =0x0000000000000268 is an unknown value
R9 =0x0 is NULL
R10=0x0000021e3fa95df0 points into unknown readable memory: 0x0000001e00000003 | 03 00 00 00 1e 00 00 00
R11=0x000000e18e8fc458 is pointing into the stack for thread: 0x0000021e3fdc9800
R12=0x0000021e3ff7eb80 points into unknown readable memory: 0x0000000000000000 | 00 00 00 00 00 00 00 00
R13=0x0000000000000268 is an unknown value
R14=0x0000021e42269a10 points into unknown readable memory: 0x0000021e00000002 | 02 00 00 00 1e 02 00 00
R15=0x0000021e3fdc9800 is a thread


Registers:
RAX=0x00007ffd30519300, RBX=0x0000000000000000, RCX=0x0000021e3fdc9800, RDX=0x00007ffd304c7f68
RSP=0x000000e18e8fc390, RBP=0x00007ffd303e0622, RSI=0x00007ffd304c7f68, RDI=0x0000000000000000
R8 =0x0000000000000268, R9 =0x0000000000000000, R10=0x0000021e3fa95df0, R11=0x000000e18e8fc458
R12=0x0000021e3ff7eb80, R13=0x0000000000000268, R14=0x0000021e42269a10, R15=0x0000021e3fdc9800
RIP=0x00007ffd2fecdb9e, EFLAGS=0x0000000000010202

Top of Stack: (sp=0x000000e18e8fc390)
0x000000e18e8fc390:   0000000000000000 00007ffd304c7f68
0x000000e18e8fc3a0:   0000021e3f984a40 000000e18e8fc3f0
0x000000e18e8fc3b0:   0000021e3fdc9800 0000000000000000
0x000000e18e8fc3c0:   000000000000000e 0000000000000001
0x000000e18e8fc3d0:   00000000000003d8 0000021e3ff7eb90
0x000000e18e8fc3e0:   0000021e3ff7ef68 000000e18e8fd850
0x000000e18e8fc3f0:   0000000000000000 000000e18e8fd850
0x000000e18e8fc400:   0000000000000000 00007ffd304c7f68
0x000000e18e8fc410:   0000000000000000 00007ffd2fece089
0x000000e18e8fc420:   0000021e3fdc9800 00007ffd304c7f68
0x000000e18e8fc430:   0000000000000268 0000021e3fdc9800
0x000000e18e8fc440:   0000000000000000 00000000100017cc
0x000000e18e8fc450:   000000e18e8fc500 00007ffd2ffb3a9c
0x000000e18e8fc460:   0000021e3fdc9800 0000021e3fdc9800
0x000000e18e8fc470:   0000000000000000 0000000000000000
0x000000e18e8fc480:   0000021e3fdc9800 0000021e407eaa08 

Instructions: (pc=0x00007ffd2fecdb9e)
0x00007ffd2fecda9e:   51 00 48 89 70 20 48 8b f2 48 89 78 e8 48 8d 15
0x00007ffd2fecdaae:   16 bc 5d 00 4c 89 68 e0 45 8b e8 4c 89 78 d8 4c
0x00007ffd2fecdabe:   8b f9 65 48 8b 04 25 58 00 00 00 b9 08 00 00 00
0x00007ffd2fecdace:   4a 8b 04 c8 4c 8b 0c 08 4d 8b b1 78 02 00 00 49
0x00007ffd2fecdade:   8b 46 18 4d 8b 66 10 48 89 44 24 48 49 8b 46 20
0x00007ffd2fecdaee:   48 89 44 24 50 49 8b 46 28 48 89 44 24 40 48 8b
0x00007ffd2fecdafe:   84 24 b0 00 00 00 74 6e 48 8b 0b 48 8d 3d 12 2b
0x00007ffd2fecdb0e:   51 00 33 ed 48 8b f7 48 85 db 48 0f 45 e9 48 85
0x00007ffd2fecdb1e:   c0 48 0f 45 f0 48 0f 45 fa e8 e4 bd 33 00 4c 89
0x00007ffd2fecdb2e:   7c 24 38 48 8d 0d 38 12 5e 00 48 8b d0 44 89 6c
0x00007ffd2fecdb3e:   24 30 48 8b 84 24 98 00 00 00 4c 8b ce 48 89 44
0x00007ffd2fecdb4e:   24 28 4c 8b c7 48 89 6c 24 20 e8 c3 07 eb ff 48
0x00007ffd2fecdb5e:   8b 84 24 b0 00 00 00 48 8d 2d b6 2a 51 00 48 8b
0x00007ffd2fecdb6e:   b4 24 98 00 00 00 48 8b d0 48 8b cb e8 01 07 00
0x00007ffd2fecdb7e:   00 4c 8b cb 45 8b c5 48 8b d6 49 8b cf e8 a0 11
0x00007ffd2fecdb8e:   00 00 84 c0 0f 85 54 01 00 00 38 05 83 b2 7d 00
0x00007ffd2fecdb9e:   4c 8b 03 74 16 45 8b 40 08 8b 0d 2b fc 78 00 49
0x00007ffd2fecdbae:   d3 e0 4c 03 05 19 fc 78 00 eb 04 4d 8b 40 08 48
0x00007ffd2fecdbbe:   8b 15 d4 8c 7f 00 8b 4a 10 4a 39 14 01 74 11 83
0x00007ffd2fecdbce:   f9 20 75 56 49 8b c8 e8 36 35 22 00 84 c0 74 4a
0x00007ffd2fecdbde:   48 8b 0d fb f8 80 00 48 8b 3b e8 03 50 4b 00 48
0x00007ffd2fecdbee:   3b f8 75 09 48 8d 15 03 a2 7d 00 eb 22 48 8b 0d
0x00007ffd2fecdbfe:   e6 f8 80 00 48 8b 3b e8 e6 4f 4b 00 48 8d 15 ef
0x00007ffd2fecdc0e:   a1 7d 00 48 3b f8 74 07 48 8d 15 db a1 7d 00 b9
0x00007ffd2fecdc1e:   01 00 00 00 ff 15 48 cf 78 00 80 3d f2 b1 7d 00
0x00007ffd2fecdc2e:   00 4c 8b 03 74 16 45 8b 40 08 8b 0d 9a fb 78 00
0x00007ffd2fecdc3e:   49 d3 e0 4c 03 05 88 fb 78 00 eb 04 4d 8b 40 08
0x00007ffd2fecdc4e:   48 8b 15 23 8c 7f 00 44 8b 4a 10 4b 39 14 01 74
0x00007ffd2fecdc5e:   12 41 83 f9 20 75 1e 49 8b c8 e8 a3 34 22 00 84
0x00007ffd2fecdc6e:   c0 74 12 48 8d 15 8c a1 7d 00 b9 01 00 00 00 ff
0x00007ffd2fecdc7e:   15 ed ce 78 00 48 8b 03 49 89 47 08 49 89 77 10
0x00007ffd2fecdc8e:   45 89 6f 18 80 3d 2a 2d 77 00 00 74 51 48 8b 3b 


Stack slot to memory mapping:
stack at sp + 0 slots: 0x0 is NULL
stack at sp + 1 slots: 0x00007ffd304c7f68 jvm.dll
stack at sp + 2 slots: 0x0000021e3f984a40 points into unknown readable memory: 0x0000021e41979438 | 38 94 97 41 1e 02 00 00
stack at sp + 3 slots: 0x000000e18e8fc3f0 is pointing into the stack for thread: 0x0000021e3fdc9800
stack at sp + 4 slots: 0x0000021e3fdc9800 is a thread
stack at sp + 5 slots: 0x0 is NULL
stack at sp + 6 slots: 0x000000000000000e is an unknown value
stack at sp + 7 slots: 0x0000000000000001 is an unknown value


---------------  P R O C E S S  ---------------

Threads class SMR info:
_java_thread_list=0x0000021e40cd9e80, length=27, elements={
0x0000021e1e54c000, 0x0000021e3ebe8800, 0x0000021e3ebf2000, 0x0000021e3ebf5000,
0x0000021e3f583800, 0x0000021e3ec01800, 0x0000021e3ec04800, 0x0000021e3f5ca800,
0x0000021e3f5d6800, 0x0000021e3eb7b800, 0x0000021e3f7d3800, 0x0000021e3fbd5000,
0x0000021e3feae800, 0x0000021e3fbe2000, 0x0000021e3fcb5000, 0x0000021e3fca1800,
0x0000021e3fd95000, 0x0000021e3fbb6800, 0x0000021e3fbde000, 0x0000021e3fbdf000,
0x0000021e3fdcb000, 0x0000021e3fdce800, 0x0000021e3fdcf800, 0x0000021e3fdcd800,
0x0000021e3fdcc000, 0x0000021e3fdc9800, 0x0000021e3fdca800
}

Java Threads: ( => current thread )
  0x0000021e1e54c000 JavaThread "main" [_thread_in_native, id=10224, stack(0x000000e18ea00000,0x000000e18eb00000)]
  0x0000021e3ebe8800 JavaThread "Reference Handler" daemon [_thread_blocked, id=5728, stack(0x000000e18f100000,0x000000e18f200000)]
  0x0000021e3ebf2000 JavaThread "Finalizer" daemon [_thread_blocked, id=4084, stack(0x000000e18f200000,0x000000e18f300000)]
  0x0000021e3ebf5000 JavaThread "Signal Dispatcher" daemon [_thread_blocked, id=252, stack(0x000000e18f300000,0x000000e18f400000)]
  0x0000021e3f583800 JavaThread "Attach Listener" daemon [_thread_blocked, id=11636, stack(0x000000e18f400000,0x000000e18f500000)]
  0x0000021e3ec01800 JavaThread "Service Thread" daemon [_thread_blocked, id=9400, stack(0x000000e18f500000,0x000000e18f600000)]
  0x0000021e3ec04800 JavaThread "C2 CompilerThread0" daemon [_thread_blocked, id=10148, stack(0x000000e18f600000,0x000000e18f700000)]
  0x0000021e3f5ca800 JavaThread "C1 CompilerThread0" daemon [_thread_blocked, id=11904, stack(0x000000e18f700000,0x000000e18f800000)]
  0x0000021e3f5d6800 JavaThread "Sweeper thread" daemon [_thread_blocked, id=7080, stack(0x000000e18f800000,0x000000e18f900000)]
  0x0000021e3eb7b800 JavaThread "Common-Cleaner" daemon [_thread_blocked, id=1100, stack(0x000000e18f900000,0x000000e18fa00000)]
  0x0000021e3f7d3800 JavaThread "Monitor Ctrl-Break" daemon [_thread_in_native, id=6724, stack(0x000000e18fa00000,0x000000e18fb00000)]
  0x0000021e3fbd5000 JavaThread "HttpServer-0" daemon [_thread_blocked, id=9164, stack(0x000000e18fc00000,0x000000e18fd00000)]
  0x0000021e3feae800 JavaThread "Grizzly-kernel(1) SelectorRunner" daemon [_thread_in_native, id=12120, stack(0x000000e18fd00000,0x000000e18fe00000)]
  0x0000021e3fbe2000 JavaThread "Grizzly-kernel(2) SelectorRunner" daemon [_thread_in_native, id=7888, stack(0x000000e18fe00000,0x000000e18ff00000)]
  0x0000021e3fcb5000 JavaThread "Grizzly-kernel(3) SelectorRunner" daemon [_thread_in_native, id=3488, stack(0x000000e18ff00000,0x000000e190000000)]
  0x0000021e3fca1800 JavaThread "Grizzly-kernel(4) SelectorRunner" daemon [_thread_in_native, id=6380, stack(0x000000e190000000,0x000000e190100000)]
  0x0000021e3fd95000 JavaThread "Grizzly-worker(1)" daemon [_thread_blocked, id=7540, stack(0x000000e190100000,0x000000e190200000)]
  0x0000021e3fbb6800 JavaThread "Grizzly-worker(2)" daemon [_thread_blocked, id=8240, stack(0x000000e190200000,0x000000e190300000)]
  0x0000021e3fbde000 JavaThread "Grizzly-worker(3)" daemon [_thread_blocked, id=1032, stack(0x000000e190300000,0x000000e190400000)]
  0x0000021e3fbdf000 JavaThread "Grizzly-worker(4)" daemon [_thread_blocked, id=2288, stack(0x000000e190400000,0x000000e190500000)]
  0x0000021e3fdcb000 JavaThread "Grizzly-worker(5)" daemon [_thread_blocked, id=7064, stack(0x000000e190500000,0x000000e190600000)]
  0x0000021e3fdce800 JavaThread "Grizzly-worker(6)" daemon [_thread_blocked, id=1608, stack(0x000000e190600000,0x000000e190700000)]
  0x0000021e3fdcf800 JavaThread "Grizzly-worker(7)" daemon [_thread_blocked, id=11164, stack(0x000000e190700000,0x000000e190800000)]
  0x0000021e3fdcd800 JavaThread "Grizzly-worker(8)" daemon [_thread_blocked, id=9236, stack(0x000000e190800000,0x000000e190900000)]
  0x0000021e3fdcc000 JavaThread "tyrus-1-thread-1" daemon [_thread_blocked, id=12236, stack(0x000000e190e00000,0x000000e190f00000)]
=>0x0000021e3fdc9800 JavaThread "Thread-325" daemon [_thread_in_vm, id=7292, stack(0x000000e18e800000,0x000000e18e900000)]
  0x0000021e3fdca800 JavaThread "DPFP JNI" [_thread_in_native, id=4900, stack(0x000000e18e900000,0x000000e18ea00000)]

Other Threads:
  0x0000021e3ebc1800 VMThread "VM Thread" [stack: 0x000000e18f000000,0x000000e18f100000] [id=9776]
  0x0000021e3f973000 WatcherThread [stack: 0x000000e18fb00000,0x000000e18fc00000] [id=5828]
  0x0000021e1e565800 GCTaskThread "GC Thread#0" [stack: 0x000000e18eb00000,0x000000e18ec00000] [id=1472]
  0x0000021e3fbf2000 GCTaskThread "GC Thread#1" [stack: 0x000000e190900000,0x000000e190a00000] [id=9344]
  0x0000021e3fbf5800 GCTaskThread "GC Thread#2" [stack: 0x000000e190a00000,0x000000e190b00000] [id=7868]
  0x0000021e3fbf2800 GCTaskThread "GC Thread#3" [stack: 0x000000e191200000,0x000000e191300000] [id=10784]
  0x0000021e1e596000 ConcurrentGCThread "G1 Main Marker" [stack: 0x000000e18ec00000,0x000000e18ed00000] [id=11116]
  0x0000021e1e598800 ConcurrentGCThread "G1 Conc#0" [stack: 0x000000e18ed00000,0x000000e18ee00000] [id=11852]
  0x0000021e3ea30800 ConcurrentGCThread "G1 Refine#0" [stack: 0x000000e18ee00000,0x000000e18ef00000] [id=9332]
  0x0000021e3ea31000 ConcurrentGCThread "G1 Young RemSet Sampling" [stack: 0x000000e18ef00000,0x000000e18f000000] [id=11632]

Threads with active compile tasks:

VM state:not at safepoint (normal execution)

VM Mutex/Monitor currently owned by a thread: None

Heap address: 0x0000000082000000, size: 2016 MB, Compressed Oops mode: 32-bit
Narrow klass base: 0x0000000000000000, Narrow klass shift: 3
Compressed class space size: 1073741824 Address: 0x0000000100000000

Heap:
 garbage-first heap   total 129024K, used 13302K [0x0000000082000000, 0x0000000100000000)
  region size 1024K, 12 young (12288K), 7 survivors (7168K)
 Metaspace       used 16544K, capacity 16800K, committed 17024K, reserved 1064960K
  class space    used 1546K, capacity 1625K, committed 1664K, reserved 1048576K
Heap Regions: E=young(eden), S=young(survivor), O=old, HS=humongous(starts), HC=humongous(continues), CS=collection set, F=free, A=archive, TAMS=top-at-mark-start (previous, next)
|   0|0x0000000082000000, 0x0000000082100000, 0x0000000082100000|100%| O|  |TAMS 0x0000000082000000, 0x0000000082000000| Untracked 
|   1|0x0000000082100000, 0x0000000082200000, 0x0000000082200000|100%| O|  |TAMS 0x0000000082100000, 0x0000000082100000| Untracked 
|   2|0x0000000082200000, 0x000000008222c200, 0x0000000082300000| 17%| O|  |TAMS 0x0000000082200000, 0x0000000082200000| Untracked 
|   3|0x0000000082300000, 0x0000000082300000, 0x0000000082400000|  0%| F|  |TAMS 0x0000000082300000, 0x0000000082300000| Untracked 
|   4|0x0000000082400000, 0x0000000082400000, 0x0000000082500000|  0%| F|  |TAMS 0x0000000082400000, 0x0000000082400000| Untracked 
|   5|0x0000000082500000, 0x0000000082500000, 0x0000000082600000|  0%| F|  |TAMS 0x0000000082500000, 0x0000000082500000| Untracked 
|   6|0x0000000082600000, 0x0000000082600000, 0x0000000082700000|  0%| F|  |TAMS 0x0000000082600000, 0x0000000082600000| Untracked 
|   7|0x0000000082700000, 0x0000000082700000, 0x0000000082800000|  0%| F|  |TAMS 0x0000000082700000, 0x0000000082700000| Untracked 
|   8|0x0000000082800000, 0x0000000082800000, 0x0000000082900000|  0%| F|  |TAMS 0x0000000082800000, 0x0000000082800000| Untracked 
|   9|0x0000000082900000, 0x0000000082900000, 0x0000000082a00000|  0%| F|  |TAMS 0x0000000082900000, 0x0000000082900000| Untracked 
|  10|0x0000000082a00000, 0x0000000082a00000, 0x0000000082b00000|  0%| F|  |TAMS 0x0000000082a00000, 0x0000000082a00000| Untracked 
|  11|0x0000000082b00000, 0x0000000082b00000, 0x0000000082c00000|  0%| F|  |TAMS 0x0000000082b00000, 0x0000000082b00000| Untracked 
|  12|0x0000000082c00000, 0x0000000082c00000, 0x0000000082d00000|  0%| F|  |TAMS 0x0000000082c00000, 0x0000000082c00000| Untracked 
|  13|0x0000000082d00000, 0x0000000082d00000, 0x0000000082e00000|  0%| F|  |TAMS 0x0000000082d00000, 0x0000000082d00000| Untracked 
|  14|0x0000000082e00000, 0x0000000082e00000, 0x0000000082f00000|  0%| F|  |TAMS 0x0000000082e00000, 0x0000000082e00000| Untracked 
|  15|0x0000000082f00000, 0x0000000082f00000, 0x0000000083000000|  0%| F|  |TAMS 0x0000000082f00000, 0x0000000082f00000| Untracked 
|  16|0x0000000083000000, 0x0000000083000000, 0x0000000083100000|  0%| F|  |TAMS 0x0000000083000000, 0x0000000083000000| Untracked 
|  17|0x0000000083100000, 0x0000000083100000, 0x0000000083200000|  0%| F|  |TAMS 0x0000000083100000, 0x0000000083100000| Untracked 
|  18|0x0000000083200000, 0x0000000083200000, 0x0000000083300000|  0%| F|  |TAMS 0x0000000083200000, 0x0000000083200000| Untracked 
|  19|0x0000000083300000, 0x0000000083300000, 0x0000000083400000|  0%| F|  |TAMS 0x0000000083300000, 0x0000000083300000| Untracked 
|  20|0x0000000083400000, 0x0000000083400000, 0x0000000083500000|  0%| F|  |TAMS 0x0000000083400000, 0x0000000083400000| Untracked 
|  21|0x0000000083500000, 0x0000000083500000, 0x0000000083600000|  0%| F|  |TAMS 0x0000000083500000, 0x0000000083500000| Untracked 
|  22|0x0000000083600000, 0x0000000083600000, 0x0000000083700000|  0%| F|  |TAMS 0x0000000083600000, 0x0000000083600000| Untracked 
|  23|0x0000000083700000, 0x0000000083700000, 0x0000000083800000|  0%| F|  |TAMS 0x0000000083700000, 0x0000000083700000| Untracked 
|  24|0x0000000083800000, 0x0000000083800000, 0x0000000083900000|  0%| F|  |TAMS 0x0000000083800000, 0x0000000083800000| Untracked 
|  25|0x0000000083900000, 0x0000000083900000, 0x0000000083a00000|  0%| F|  |TAMS 0x0000000083900000, 0x0000000083900000| Untracked 
|  26|0x0000000083a00000, 0x0000000083a00000, 0x0000000083b00000|  0%| F|  |TAMS 0x0000000083a00000, 0x0000000083a00000| Untracked 
|  27|0x0000000083b00000, 0x0000000083b00000, 0x0000000083c00000|  0%| F|  |TAMS 0x0000000083b00000, 0x0000000083b00000| Untracked 
|  28|0x0000000083c00000, 0x0000000083c00000, 0x0000000083d00000|  0%| F|  |TAMS 0x0000000083c00000, 0x0000000083c00000| Untracked 
|  29|0x0000000083d00000, 0x0000000083d00000, 0x0000000083e00000|  0%| F|  |TAMS 0x0000000083d00000, 0x0000000083d00000| Untracked 
|  30|0x0000000083e00000, 0x0000000083e00000, 0x0000000083f00000|  0%| F|  |TAMS 0x0000000083e00000, 0x0000000083e00000| Untracked 
|  31|0x0000000083f00000, 0x0000000083f00000, 0x0000000084000000|  0%| F|  |TAMS 0x0000000083f00000, 0x0000000083f00000| Untracked 
|  32|0x0000000084000000, 0x0000000084000000, 0x0000000084100000|  0%| F|  |TAMS 0x0000000084000000, 0x0000000084000000| Untracked 
|  33|0x0000000084100000, 0x0000000084100000, 0x0000000084200000|  0%| F|  |TAMS 0x0000000084100000, 0x0000000084100000| Untracked 
|  34|0x0000000084200000, 0x0000000084200000, 0x0000000084300000|  0%| F|  |TAMS 0x0000000084200000, 0x0000000084200000| Untracked 
|  35|0x0000000084300000, 0x0000000084300000, 0x0000000084400000|  0%| F|  |TAMS 0x0000000084300000, 0x0000000084300000| Untracked 
|  36|0x0000000084400000, 0x0000000084400000, 0x0000000084500000|  0%| F|  |TAMS 0x0000000084400000, 0x0000000084400000| Untracked 
|  37|0x0000000084500000, 0x0000000084500000, 0x0000000084600000|  0%| F|  |TAMS 0x0000000084500000, 0x0000000084500000| Untracked 
|  38|0x0000000084600000, 0x0000000084600000, 0x0000000084700000|  0%| F|  |TAMS 0x0000000084600000, 0x0000000084600000| Untracked 
|  39|0x0000000084700000, 0x0000000084700000, 0x0000000084800000|  0%| F|  |TAMS 0x0000000084700000, 0x0000000084700000| Untracked 
|  40|0x0000000084800000, 0x0000000084800000, 0x0000000084900000|  0%| F|  |TAMS 0x0000000084800000, 0x0000000084800000| Untracked 
|  41|0x0000000084900000, 0x0000000084900000, 0x0000000084a00000|  0%| F|  |TAMS 0x0000000084900000, 0x0000000084900000| Untracked 
|  42|0x0000000084a00000, 0x0000000084a00000, 0x0000000084b00000|  0%| F|  |TAMS 0x0000000084a00000, 0x0000000084a00000| Untracked 
|  43|0x0000000084b00000, 0x0000000084b00000, 0x0000000084c00000|  0%| F|  |TAMS 0x0000000084b00000, 0x0000000084b00000| Untracked 
|  44|0x0000000084c00000, 0x0000000084cd1840, 0x0000000084d00000| 81%| S|CS|TAMS 0x0000000084c00000, 0x0000000084c00000| Complete 
|  45|0x0000000084d00000, 0x0000000084d00000, 0x0000000084e00000|  0%| F|  |TAMS 0x0000000084d00000, 0x0000000084d00000| Untracked 
|  46|0x0000000084e00000, 0x0000000084e00000, 0x0000000084f00000|  0%| F|  |TAMS 0x0000000084e00000, 0x0000000084e00000| Untracked 
|  47|0x0000000084f00000, 0x0000000084f00000, 0x0000000085000000|  0%| F|  |TAMS 0x0000000084f00000, 0x0000000084f00000| Untracked 
|  48|0x0000000085000000, 0x0000000085000000, 0x0000000085100000|  0%| F|  |TAMS 0x0000000085000000, 0x0000000085000000| Untracked 
|  49|0x0000000085100000, 0x0000000085100000, 0x0000000085200000|  0%| F|  |TAMS 0x0000000085100000, 0x0000000085100000| Untracked 
|  50|0x0000000085200000, 0x0000000085200000, 0x0000000085300000|  0%| F|  |TAMS 0x0000000085200000, 0x0000000085200000| Untracked 
|  51|0x0000000085300000, 0x0000000085400000, 0x0000000085400000|100%| S|CS|TAMS 0x0000000085300000, 0x0000000085300000| Complete 
|  52|0x0000000085400000, 0x0000000085500000, 0x0000000085500000|100%| S|CS|TAMS 0x0000000085400000, 0x0000000085400000| Complete 
|  53|0x0000000085500000, 0x0000000085600000, 0x0000000085600000|100%| S|CS|TAMS 0x0000000085500000, 0x0000000085500000| Complete 
|  54|0x0000000085600000, 0x0000000085700000, 0x0000000085700000|100%| S|CS|TAMS 0x0000000085600000, 0x0000000085600000| Complete 
|  55|0x0000000085700000, 0x0000000085800000, 0x0000000085800000|100%| S|CS|TAMS 0x0000000085700000, 0x0000000085700000| Complete 
|  56|0x0000000085800000, 0x0000000085900000, 0x0000000085900000|100%| S|CS|TAMS 0x0000000085800000, 0x0000000085800000| Complete 
|  57|0x0000000085900000, 0x0000000085900000, 0x0000000085a00000|  0%| F|  |TAMS 0x0000000085900000, 0x0000000085900000| Untracked 
|  58|0x0000000085a00000, 0x0000000085a00000, 0x0000000085b00000|  0%| F|  |TAMS 0x0000000085a00000, 0x0000000085a00000| Untracked 
|  59|0x0000000085b00000, 0x0000000085b00000, 0x0000000085c00000|  0%| F|  |TAMS 0x0000000085b00000, 0x0000000085b00000| Untracked 
|  60|0x0000000085c00000, 0x0000000085c00000, 0x0000000085d00000|  0%| F|  |TAMS 0x0000000085c00000, 0x0000000085c00000| Untracked 
|  61|0x0000000085d00000, 0x0000000085d00000, 0x0000000085e00000|  0%| F|  |TAMS 0x0000000085d00000, 0x0000000085d00000| Untracked 
|  62|0x0000000085e00000, 0x0000000085e00000, 0x0000000085f00000|  0%| F|  |TAMS 0x0000000085e00000, 0x0000000085e00000| Untracked 
|  63|0x0000000085f00000, 0x0000000085f00000, 0x0000000086000000|  0%| F|  |TAMS 0x0000000085f00000, 0x0000000085f00000| Untracked 
|  64|0x0000000086000000, 0x0000000086000000, 0x0000000086100000|  0%| F|  |TAMS 0x0000000086000000, 0x0000000086000000| Untracked 
|  65|0x0000000086100000, 0x0000000086100000, 0x0000000086200000|  0%| F|  |TAMS 0x0000000086100000, 0x0000000086100000| Untracked 
|  66|0x0000000086200000, 0x0000000086200000, 0x0000000086300000|  0%| F|  |TAMS 0x0000000086200000, 0x0000000086200000| Untracked 
|  67|0x0000000086300000, 0x0000000086300000, 0x0000000086400000|  0%| F|  |TAMS 0x0000000086300000, 0x0000000086300000| Untracked 
|  68|0x0000000086400000, 0x0000000086400000, 0x0000000086500000|  0%| F|  |TAMS 0x0000000086400000, 0x0000000086400000| Untracked 
|  69|0x0000000086500000, 0x0000000086500000, 0x0000000086600000|  0%| F|  |TAMS 0x0000000086500000, 0x0000000086500000| Untracked 
|  70|0x0000000086600000, 0x0000000086600000, 0x0000000086700000|  0%| F|  |TAMS 0x0000000086600000, 0x0000000086600000| Untracked 
|  71|0x0000000086700000, 0x0000000086700000, 0x0000000086800000|  0%| F|  |TAMS 0x0000000086700000, 0x0000000086700000| Untracked 
|  72|0x0000000086800000, 0x0000000086800000, 0x0000000086900000|  0%| F|  |TAMS 0x0000000086800000, 0x0000000086800000| Untracked 
|  73|0x0000000086900000, 0x0000000086900000, 0x0000000086a00000|  0%| F|  |TAMS 0x0000000086900000, 0x0000000086900000| Untracked 
|  74|0x0000000086a00000, 0x0000000086a00000, 0x0000000086b00000|  0%| F|  |TAMS 0x0000000086a00000, 0x0000000086a00000| Untracked 
|  75|0x0000000086b00000, 0x0000000086b00000, 0x0000000086c00000|  0%| F|  |TAMS 0x0000000086b00000, 0x0000000086b00000| Untracked 
|  76|0x0000000086c00000, 0x0000000086c00000, 0x0000000086d00000|  0%| F|  |TAMS 0x0000000086c00000, 0x0000000086c00000| Untracked 
|  77|0x0000000086d00000, 0x0000000086d00000, 0x0000000086e00000|  0%| F|  |TAMS 0x0000000086d00000, 0x0000000086d00000| Untracked 
|  78|0x0000000086e00000, 0x0000000086e00000, 0x0000000086f00000|  0%| F|  |TAMS 0x0000000086e00000, 0x0000000086e00000| Untracked 
|  79|0x0000000086f00000, 0x0000000086f00000, 0x0000000087000000|  0%| F|  |TAMS 0x0000000086f00000, 0x0000000086f00000| Untracked 
|  80|0x0000000087000000, 0x0000000087000000, 0x0000000087100000|  0%| F|  |TAMS 0x0000000087000000, 0x0000000087000000| Untracked 
|  81|0x0000000087100000, 0x0000000087100000, 0x0000000087200000|  0%| F|  |TAMS 0x0000000087100000, 0x0000000087100000| Untracked 
|  82|0x0000000087200000, 0x0000000087200000, 0x0000000087300000|  0%| F|  |TAMS 0x0000000087200000, 0x0000000087200000| Untracked 
|  83|0x0000000087300000, 0x0000000087300000, 0x0000000087400000|  0%| F|  |TAMS 0x0000000087300000, 0x0000000087300000| Untracked 
|  84|0x0000000087400000, 0x0000000087400000, 0x0000000087500000|  0%| F|  |TAMS 0x0000000087400000, 0x0000000087400000| Untracked 
|  85|0x0000000087500000, 0x0000000087500000, 0x0000000087600000|  0%| F|  |TAMS 0x0000000087500000, 0x0000000087500000| Untracked 
|  86|0x0000000087600000, 0x0000000087600000, 0x0000000087700000|  0%| F|  |TAMS 0x0000000087600000, 0x0000000087600000| Untracked 
|  87|0x0000000087700000, 0x0000000087700000, 0x0000000087800000|  0%| F|  |TAMS 0x0000000087700000, 0x0000000087700000| Untracked 
|  88|0x0000000087800000, 0x0000000087800000, 0x0000000087900000|  0%| F|  |TAMS 0x0000000087800000, 0x0000000087800000| Untracked 
|  89|0x0000000087900000, 0x0000000087900000, 0x0000000087a00000|  0%| F|  |TAMS 0x0000000087900000, 0x0000000087900000| Untracked 
|  90|0x0000000087a00000, 0x0000000087a00000, 0x0000000087b00000|  0%| F|  |TAMS 0x0000000087a00000, 0x0000000087a00000| Untracked 
|  91|0x0000000087b00000, 0x0000000087b00000, 0x0000000087c00000|  0%| F|  |TAMS 0x0000000087b00000, 0x0000000087b00000| Untracked 
|  92|0x0000000087c00000, 0x0000000087c00000, 0x0000000087d00000|  0%| F|  |TAMS 0x0000000087c00000, 0x0000000087c00000| Untracked 
|  93|0x0000000087d00000, 0x0000000087d00000, 0x0000000087e00000|  0%| F|  |TAMS 0x0000000087d00000, 0x0000000087d00000| Untracked 
|  94|0x0000000087e00000, 0x0000000087e00000, 0x0000000087f00000|  0%| F|  |TAMS 0x0000000087e00000, 0x0000000087e00000| Untracked 
|  95|0x0000000087f00000, 0x0000000087f00000, 0x0000000088000000|  0%| F|  |TAMS 0x0000000087f00000, 0x0000000087f00000| Untracked 
|  96|0x0000000088000000, 0x0000000088000000, 0x0000000088100000|  0%| F|  |TAMS 0x0000000088000000, 0x0000000088000000| Untracked 
|  97|0x0000000088100000, 0x0000000088100000, 0x0000000088200000|  0%| F|  |TAMS 0x0000000088100000, 0x0000000088100000| Untracked 
|  98|0x0000000088200000, 0x0000000088200000, 0x0000000088300000|  0%| F|  |TAMS 0x0000000088200000, 0x0000000088200000| Untracked 
|  99|0x0000000088300000, 0x0000000088300000, 0x0000000088400000|  0%| F|  |TAMS 0x0000000088300000, 0x0000000088300000| Untracked 
| 100|0x0000000088400000, 0x0000000088400000, 0x0000000088500000|  0%| F|  |TAMS 0x0000000088400000, 0x0000000088400000| Untracked 
| 101|0x0000000088500000, 0x0000000088500000, 0x0000000088600000|  0%| F|  |TAMS 0x0000000088500000, 0x0000000088500000| Untracked 
| 102|0x0000000088600000, 0x0000000088600000, 0x0000000088700000|  0%| F|  |TAMS 0x0000000088600000, 0x0000000088600000| Untracked 
| 103|0x0000000088700000, 0x0000000088700000, 0x0000000088800000|  0%| F|  |TAMS 0x0000000088700000, 0x0000000088700000| Untracked 
| 104|0x0000000088800000, 0x0000000088800000, 0x0000000088900000|  0%| F|  |TAMS 0x0000000088800000, 0x0000000088800000| Untracked 
| 105|0x0000000088900000, 0x0000000088900000, 0x0000000088a00000|  0%| F|  |TAMS 0x0000000088900000, 0x0000000088900000| Untracked 
| 106|0x0000000088a00000, 0x0000000088a00000, 0x0000000088b00000|  0%| F|  |TAMS 0x0000000088a00000, 0x0000000088a00000| Untracked 
| 107|0x0000000088b00000, 0x0000000088b00000, 0x0000000088c00000|  0%| F|  |TAMS 0x0000000088b00000, 0x0000000088b00000| Untracked 
| 108|0x0000000088c00000, 0x0000000088c00000, 0x0000000088d00000|  0%| F|  |TAMS 0x0000000088c00000, 0x0000000088c00000| Untracked 
| 109|0x0000000088d00000, 0x0000000088d00000, 0x0000000088e00000|  0%| F|  |TAMS 0x0000000088d00000, 0x0000000088d00000| Untracked 
| 110|0x0000000088e00000, 0x0000000088e00000, 0x0000000088f00000|  0%| F|  |TAMS 0x0000000088e00000, 0x0000000088e00000| Untracked 
| 111|0x0000000088f00000, 0x0000000088f00000, 0x0000000089000000|  0%| F|  |TAMS 0x0000000088f00000, 0x0000000088f00000| Untracked 
| 112|0x0000000089000000, 0x0000000089000000, 0x0000000089100000|  0%| F|  |TAMS 0x0000000089000000, 0x0000000089000000| Untracked 
| 113|0x0000000089100000, 0x0000000089100000, 0x0000000089200000|  0%| F|  |TAMS 0x0000000089100000, 0x0000000089100000| Untracked 
| 114|0x0000000089200000, 0x0000000089200000, 0x0000000089300000|  0%| F|  |TAMS 0x0000000089200000, 0x0000000089200000| Untracked 
| 115|0x0000000089300000, 0x0000000089300000, 0x0000000089400000|  0%| F|  |TAMS 0x0000000089300000, 0x0000000089300000| Untracked 
| 116|0x0000000089400000, 0x0000000089400000, 0x0000000089500000|  0%| F|  |TAMS 0x0000000089400000, 0x0000000089400000| Untracked 
| 117|0x0000000089500000, 0x0000000089500000, 0x0000000089600000|  0%| F|  |TAMS 0x0000000089500000, 0x0000000089500000| Untracked 
| 118|0x0000000089600000, 0x0000000089600000, 0x0000000089700000|  0%| F|  |TAMS 0x0000000089600000, 0x0000000089600000| Untracked 
| 119|0x0000000089700000, 0x0000000089700000, 0x0000000089800000|  0%| F|  |TAMS 0x0000000089700000, 0x0000000089700000| Untracked 
| 120|0x0000000089800000, 0x0000000089800000, 0x0000000089900000|  0%| F|  |TAMS 0x0000000089800000, 0x0000000089800000| Untracked 
| 121|0x0000000089900000, 0x0000000089900800, 0x0000000089a00000|  0%| E|  |TAMS 0x0000000089900000, 0x0000000089900000| Complete 
| 122|0x0000000089a00000, 0x0000000089b00000, 0x0000000089b00000|100%| E|CS|TAMS 0x0000000089a00000, 0x0000000089a00000| Complete 
| 123|0x0000000089b00000, 0x0000000089c00000, 0x0000000089c00000|100%| E|CS|TAMS 0x0000000089b00000, 0x0000000089b00000| Complete 
| 124|0x0000000089c00000, 0x0000000089d00000, 0x0000000089d00000|100%| E|CS|TAMS 0x0000000089c00000, 0x0000000089c00000| Complete 
| 125|0x0000000089d00000, 0x0000000089e00000, 0x0000000089e00000|100%| E|CS|TAMS 0x0000000089d00000, 0x0000000089d00000| Complete 

Card table byte_map: [0x0000021e37eb0000,0x0000021e382a0000] _byte_map_base: 0x0000021e37aa0000

Marking Bits (Prev, Next): (CMBitMap*) 0x0000021e1e58d348, (CMBitMap*) 0x0000021e1e58d380
 Prev Bits: [0x0000021e38690000, 0x0000021e3a610000)
 Next Bits: [0x0000021e3a610000, 0x0000021e3c590000)

Polling page: 0x0000021e1e620000

Metaspace:

Usage:
  Non-class:     14.82 MB capacity,    14.65 MB ( 99%) used,   153.80 KB (  1%) free+waste,    22.94 KB ( <1%) overhead. 
      Class:      1.59 MB capacity,     1.51 MB ( 95%) used,    69.48 KB (  4%) free+waste,     9.19 KB ( <1%) overhead. 
       Both:     16.41 MB capacity,    16.16 MB ( 98%) used,   223.29 KB (  1%) free+waste,    32.13 KB ( <1%) overhead. 

Virtual space:
  Non-class space:       16.00 MB reserved,      15.00 MB ( 94%) committed 
      Class space:        1.00 GB reserved,       1.63 MB ( <1%) committed 
             Both:        1.02 GB reserved,      16.63 MB (  2%) committed 

Chunk freelists:
   Non-Class:  57.00 KB
       Class:  7.00 KB
        Both:  64.00 KB

MaxMetaspaceSize: 17179869184.00 GB
CompressedClassSpaceSize: 1.00 GB
Initial GC threshold: 20.80 MB
Current GC threshold: 20.80 MB
CDS: off

CodeHeap 'non-profiled nmethods': size=120064Kb used=1277Kb max_used=1277Kb free=118786Kb
 bounds [0x0000021e2ff40000, 0x0000021e301b0000, 0x0000021e37480000]
CodeHeap 'profiled nmethods': size=120000Kb used=5631Kb max_used=5631Kb free=114368Kb
 bounds [0x0000021e28a10000, 0x0000021e28f90000, 0x0000021e2ff40000]
CodeHeap 'non-nmethods': size=5696Kb used=1160Kb max_used=1215Kb free=4535Kb
 bounds [0x0000021e28480000, 0x0000021e286f0000, 0x0000021e28a10000]
 total_blobs=3227 nmethods=2813 adapters=326
 compilation: enabled
              stopped_count=0, restarted_count=0
 full_count=0

Compilation events (20 events):
Event: 60.879 Thread 0x0000021e3f5ca800 2806       3       org.glassfish.tyrus.websockets.draft07.Draft07Handler$ParsingState::recycle (48 bytes)
Event: 60.879 Thread 0x0000021e3f5ca800 nmethod 2806 0x0000021e28f89390 code [0x0000021e28f89540, 0x0000021e28f896b8]
Event: 60.879 Thread 0x0000021e3f5ca800 2807   !   3       org.glassfish.tyrus.core.EndpointWrapper::getSession (28 bytes)
Event: 60.879 Thread 0x0000021e3f5ca800 nmethod 2807 0x0000021e28f89790 code [0x0000021e28f89960, 0x0000021e28f89da8]
Event: 60.879 Thread 0x0000021e3f5ca800 2809       3       org.glassfish.grizzly.http.HttpRequestPacket::<init> (126 bytes)
Event: 60.882 Thread 0x0000021e3f5ca800 nmethod 2809 0x0000021e28f89f10 code [0x0000021e28f8a4c0, 0x0000021e28f8d7c8]
Event: 60.882 Thread 0x0000021e3f5ca800 2808       3       org.glassfish.tyrus.websockets.DataFrame::<init> (15 bytes)
Event: 60.882 Thread 0x0000021e3f5ca800 nmethod 2808 0x0000021e28f8e790 code [0x0000021e28f8e940, 0x0000021e28f8eaf8]
Event: 62.853 Thread 0x0000021e3f5ca800 2810       3       java.lang.Thread::exit (70 bytes)
Event: 62.855 Thread 0x0000021e3f5ca800 nmethod 2810 0x0000021e28f8eb90 code [0x0000021e28f8eda0, 0x0000021e28f8f448]
Event: 62.855 Thread 0x0000021e3f5ca800 2811   !   3       java.lang.ThreadGroup::threadTerminated (63 bytes)
Event: 62.856 Thread 0x0000021e3f5ca800 nmethod 2811 0x0000021e28f8f610 code [0x0000021e28f8f800, 0x0000021e28f8fc68]
Event: 62.869 Thread 0x0000021e3ec04800 2812       4       java.nio.channels.spi.AbstractInterruptibleChannel::isOpen (13 bytes)
Event: 62.870 Thread 0x0000021e3ec04800 nmethod 2812 0x0000021e3007e910 code [0x0000021e3007eaa0, 0x0000021e3007eb18]
Event: 62.882 Thread 0x0000021e3ec04800 2813       4       java.util.Objects::requireNonNullElse (15 bytes)
Event: 62.883 Thread 0x0000021e3ec04800 nmethod 2813 0x0000021e3007ec10 code [0x0000021e3007eda0, 0x0000021e3007edf8]
Event: 64.261 Thread 0x0000021e3f5ca800 2814       1       org.glassfish.grizzly.utils.DelayedExecutor::access$100 (5 bytes)
Event: 64.261 Thread 0x0000021e3f5ca800 nmethod 2814 0x0000021e3007ef10 code [0x0000021e3007f0c0, 0x0000021e3007f158]
Event: 64.261 Thread 0x0000021e3f5ca800 2815       1       org.glassfish.grizzly.utils.DelayedExecutor::access$400 (5 bytes)
Event: 64.261 Thread 0x0000021e3f5ca800 nmethod 2815 0x0000021e3007f210 code [0x0000021e3007f3c0, 0x0000021e3007f458]

GC Heap History (6 events):
Event: 0.880 GC heap before
{Heap before GC invocations=0 (full 0):
 garbage-first heap   total 129024K, used 14336K [0x0000000082000000, 0x0000000100000000)
  region size 1024K, 14 young (14336K), 0 survivors (0K)
 Metaspace       used 12278K, capacity 12513K, committed 12800K, reserved 1060864K
  class space    used 1165K, capacity 1214K, committed 1280K, reserved 1048576K
}
Event: 0.884 GC heap after
{Heap after GC invocations=1 (full 0):
 garbage-first heap   total 129024K, used 2265K [0x0000000082000000, 0x0000000100000000)
  region size 1024K, 2 young (2048K), 2 survivors (2048K)
 Metaspace       used 12278K, capacity 12513K, committed 12800K, reserved 1060864K
  class space    used 1165K, capacity 1214K, committed 1280K, reserved 1048576K
}
Event: 39.592 GC heap before
{Heap before GC invocations=1 (full 0):
 garbage-first heap   total 129024K, used 77017K [0x0000000082000000, 0x0000000100000000)
  region size 1024K, 75 young (76800K), 2 survivors (2048K)
 Metaspace       used 16209K, capacity 16479K, committed 16768K, reserved 1064960K
  class space    used 1546K, capacity 1625K, committed 1664K, reserved 1048576K
}
Event: 39.609 GC heap after
{Heap after GC invocations=2 (full 0):
 garbage-first heap   total 129024K, used 5780K [0x0000000082000000, 0x0000000100000000)
  region size 1024K, 6 young (6144K), 6 survivors (6144K)
 Metaspace       used 16209K, capacity 16479K, committed 16768K, reserved 1064960K
  class space    used 1546K, capacity 1625K, committed 1664K, reserved 1048576K
}
Event: 60.857 GC heap before
{Heap before GC invocations=2 (full 0):
 garbage-first heap   total 129024K, used 76436K [0x0000000082000000, 0x0000000100000000)
  region size 1024K, 75 young (76800K), 6 survivors (6144K)
 Metaspace       used 16540K, capacity 16800K, committed 17024K, reserved 1064960K
  class space    used 1546K, capacity 1625K, committed 1664K, reserved 1048576K
}
Event: 60.871 GC heap after
{Heap after GC invocations=3 (full 0):
 garbage-first heap   total 129024K, used 9206K [0x0000000082000000, 0x0000000100000000)
  region size 1024K, 7 young (7168K), 7 survivors (7168K)
 Metaspace       used 16540K, capacity 16800K, committed 17024K, reserved 1064960K
  class space    used 1546K, capacity 1625K, committed 1664K, reserved 1048576K
}

Deoptimization events (20 events):
Event: 20.878 Thread 0x0000021e3fcb5000 DEOPT PACKING pc=0x0000021e28be7b93 sp=0x000000e18fffd570
Event: 20.878 Thread 0x0000021e3fcb5000 DEOPT UNPACKING pc=0x0000021e284ca95e sp=0x000000e18fffcac0 mode 0
Event: 20.980 Thread 0x0000021e3fdc9800 DEOPT PACKING pc=0x0000021e28be7b93 sp=0x000000e1912fed20
Event: 20.980 Thread 0x0000021e3fdc9800 DEOPT UNPACKING pc=0x0000021e284ca95e sp=0x000000e1912fe270 mode 0
Event: 29.322 Thread 0x0000021e3fcb5000 Uncommon trap: trap_request=0xffffffcc fr.pc=0x0000021e2ffe7ff8 relative=0x00000000000002b8
Event: 29.322 Thread 0x0000021e3fcb5000 Uncommon trap: reason=intrinsic_or_type_checked_inlining action=make_not_entrant pc=0x0000021e2ffe7ff8 method=java.util.Arrays.copyOf([Ljava/lang/Object;ILjava/lang/Class;)[Ljava/lang/Object; @ 35 c2
Event: 29.322 Thread 0x0000021e3fcb5000 DEOPT PACKING pc=0x0000021e2ffe7ff8 sp=0x000000e18fffdcd0
Event: 29.322 Thread 0x0000021e3fcb5000 DEOPT UNPACKING pc=0x0000021e284ca1af sp=0x000000e18fffdc78 mode 2
Event: 29.470 Thread 0x0000021e3fbe2000 DEOPT PACKING pc=0x0000021e28cabb80 sp=0x000000e18fefd410
Event: 29.470 Thread 0x0000021e3fbe2000 DEOPT UNPACKING pc=0x0000021e284ca95e sp=0x000000e18fefc920 mode 0
Event: 29.532 Thread 0x0000021e3feae800 DEOPT PACKING pc=0x0000021e28cbf32f sp=0x000000e18fdfe380
Event: 29.532 Thread 0x0000021e3feae800 DEOPT UNPACKING pc=0x0000021e284ca95e sp=0x000000e18fdfd898 mode 0
Event: 29.532 Thread 0x0000021e3feae800 DEOPT PACKING pc=0x0000021e28cc4b8f sp=0x000000e18fdfe060
Event: 29.532 Thread 0x0000021e3feae800 DEOPT UNPACKING pc=0x0000021e284ca95e sp=0x000000e18fdfd620 mode 0
Event: 36.437 Thread 0x0000021e3fbe2000 DEOPT PACKING pc=0x0000021e28c82957 sp=0x000000e18fefd7b0
Event: 36.437 Thread 0x0000021e3fbe2000 DEOPT UNPACKING pc=0x0000021e284ca95e sp=0x000000e18fefcd18 mode 0
Event: 49.070 Thread 0x0000021e3feae800 DEOPT PACKING pc=0x0000021e28b836c9 sp=0x000000e18fdfdc70
Event: 49.070 Thread 0x0000021e3feae800 DEOPT UNPACKING pc=0x0000021e284ca95e sp=0x000000e18fdfd0e8 mode 0
Event: 49.403 Thread 0x0000021e3fca1800 DEOPT PACKING pc=0x0000021e28cdab57 sp=0x000000e1900fda20
Event: 49.404 Thread 0x0000021e3fca1800 DEOPT UNPACKING pc=0x0000021e284ca95e sp=0x000000e1900fce78 mode 0

Classes redefined (0 events):
No events

Internal exceptions (20 events):
Event: 60.799 Thread 0x0000021e3fbe2000 JVM_StopThread thread JavaThread 0x0000000000000000 as oop 0x0000000085bf5048 [exception 0x000000e18fefe078]
Event: 60.817 Thread 0x0000021e3fdcd000 Exception <a 'com/digitalpersona/onetouch/jni/JniException'{0x0000000085acc2b8}> (0x0000000085acc2b8) thrown at [./src/hotspot/share/prims/jni.cpp, line 616]
Event: 60.819 Thread 0x0000021e3fcb5000 JVM_StopThread thread JavaThread 0x0000000000000000 as oop 0x0000000085a5e218 [exception 0x000000e18fffdff8]
Event: 60.827 Thread 0x0000021e3fdc9800 Exception <a 'com/digitalpersona/onetouch/jni/JniException'{0x000000008597ef60}> (0x000000008597ef60) thrown at [./src/hotspot/share/prims/jni.cpp, line 616]
Event: 60.829 Thread 0x0000021e3fca1800 JVM_StopThread thread JavaThread 0x0000000000000000 as oop 0x0000000085908b88 [exception 0x000000e1900fdf98]
Event: 60.852 Thread 0x0000021e3fdca800 Exception <a 'com/digitalpersona/onetouch/jni/JniException'{0x00000000859cd8f0}> (0x00000000859cd8f0) thrown at [./src/hotspot/share/prims/jni.cpp, line 616]
Event: 60.853 Thread 0x0000021e3feae800 JVM_StopThread thread JavaThread 0x0000000000000000 as oop 0x0000000085c851b8 [exception 0x000000e18fdfdec8]
Event: 62.861 Thread 0x0000021e3fdc9800 Exception <a 'com/digitalpersona/onetouch/jni/JniException'{0x0000000089c04100}> (0x0000000089c04100) thrown at [./src/hotspot/share/prims/jni.cpp, line 616]
Event: 62.864 Thread 0x0000021e3fbe2000 JVM_StopThread thread JavaThread 0x0000000000000000 as oop 0x0000000089d25678 [exception 0x000000e18fefe078]
Event: 62.882 Thread 0x0000021e3fdc9800 Exception <a 'com/digitalpersona/onetouch/jni/JniException'{0x0000000089b04100}> (0x0000000089b04100) thrown at [./src/hotspot/share/prims/jni.cpp, line 616]
Event: 62.884 Thread 0x0000021e3fcb5000 JVM_StopThread thread JavaThread 0x0000000000000000 as oop 0x0000000089cdb8f0 [exception 0x000000e18fffdff8]
Event: 62.896 Thread 0x0000021e3fdc9800 Exception <a 'com/digitalpersona/onetouch/jni/JniException'{0x0000000089ba8848}> (0x0000000089ba8848) thrown at [./src/hotspot/share/prims/jni.cpp, line 616]
Event: 62.899 Thread 0x0000021e3fca1800 JVM_StopThread thread JavaThread 0x0000000000000000 as oop 0x0000000089b736e8 [exception 0x000000e1900fdf98]
Event: 62.912 Thread 0x0000021e3fdc9800 Exception <a 'com/digitalpersona/onetouch/jni/JniException'{0x0000000089bf5fa8}> (0x0000000089bf5fa8) thrown at [./src/hotspot/share/prims/jni.cpp, line 616]
Event: 62.913 Thread 0x0000021e3feae800 JVM_StopThread thread JavaThread 0x0000000000000000 as oop 0x0000000089c85c40 [exception 0x000000e18fdfdec8]
Event: 62.925 Thread 0x0000021e3fdc9800 Exception <a 'com/digitalpersona/onetouch/jni/JniException'{0x0000000089a046b8}> (0x0000000089a046b8) thrown at [./src/hotspot/share/prims/jni.cpp, line 616]
Event: 62.927 Thread 0x0000021e3fbe2000 JVM_StopThread thread JavaThread 0x0000000000000000 as oop 0x0000000089d41288 [exception 0x000000e18fefe078]
Event: 64.941 Thread 0x0000021e3fcb5000 JVM_StopThread thread JavaThread 0x0000021e3fdc9800 as oop 0x0000000089cf7410 [exception 0x000000e18fffdff8]
Event: 64.954 Thread 0x0000021e3fdcd000 Exception <a 'com/digitalpersona/onetouch/jni/JniException'{0x0000000089a51e18}> (0x0000000089a51e18) thrown at [./src/hotspot/share/prims/jni.cpp, line 616]
Event: 65.073 Thread 0x0000021e3fca1800 JVM_StopThread thread JavaThread 0x0000000000000000 as oop 0x0000000089b8f208 [exception 0x000000e1900fdf98]

Events (20 events):
Event: 62.893 Thread 0x0000021e3fdcd000 Thread added: 0x0000021e3fdcd000
Event: 62.897 Thread 0x0000021e3fdcd000 Thread exited: 0x0000021e3fdcd000
Event: 62.897 Thread 0x0000021e3fdc9800 Thread exited: 0x0000021e3fdc9800
Event: 62.907 Thread 0x0000021e3fdc9800 Thread added: 0x0000021e3fdc9800
Event: 62.909 Thread 0x0000021e3fdd0000 Thread added: 0x0000021e3fdd0000
Event: 62.912 Thread 0x0000021e3fdd0000 Thread exited: 0x0000021e3fdd0000
Event: 62.912 Thread 0x0000021e3fdc9800 Thread exited: 0x0000021e3fdc9800
Event: 62.921 Thread 0x0000021e3fdc9800 Thread added: 0x0000021e3fdc9800
Event: 62.922 Thread 0x0000021e3fdcd000 Thread added: 0x0000021e3fdcd000
Event: 62.926 Thread 0x0000021e3fdc9800 Thread exited: 0x0000021e3fdc9800
Event: 64.938 Thread 0x0000021e3fdcd000 Thread exited: 0x0000021e3fdcd000
Event: 64.939 Thread 0x0000021e3fdcd000 Thread added: 0x0000021e3fdcd000
Event: 64.940 Thread 0x0000021e3fdc9800 Thread added: 0x0000021e3fdc9800
Event: 64.941 Executing VM operation: ThreadStop
Event: 64.942 Executing VM operation: ThreadStop done
Event: 64.942 Thread 0x0000021e3fdd0000 Thread added: 0x0000021e3fdd0000
Event: 64.943 Thread 0x0000021e3fdca800 Thread added: 0x0000021e3fdca800
Event: 64.956 Thread 0x0000021e3fdcd000 Thread exited: 0x0000021e3fdcd000
Event: 64.957 Thread 0x0000021e3fdd0000 Thread exited: 0x0000021e3fdd0000
Event: 64.958 Thread 0x0000021e3fdca800 Thread exited: 0x0000021e3fdca800


Dynamic libraries:
0x00007ff6db260000 - 0x00007ff6db26d000 	C:\Users\LUIS\.jdks\corretto-11.0.13\bin\java.exe
0x00007ffd842e0000 - 0x00007ffd844d0000 	C:\Windows\SYSTEM32\ntdll.dll
0x00007ffd84110000 - 0x00007ffd841c2000 	C:\Windows\System32\KERNEL32.DLL
0x00007ffd813e0000 - 0x00007ffd81682000 	C:\Windows\System32\KERNELBASE.dll
0x00007ffd81980000 - 0x00007ffd81a7a000 	C:\Windows\System32\ucrtbase.dll
0x00007ffd59a60000 - 0x00007ffd59a77000 	C:\Users\LUIS\.jdks\corretto-11.0.13\bin\jli.dll
0x00007ffd823a0000 - 0x00007ffd82533000 	C:\Windows\System32\USER32.dll
0x00007ffd82320000 - 0x00007ffd82341000 	C:\Windows\System32\win32u.dll
0x00007ffd83a70000 - 0x00007ffd83a96000 	C:\Windows\System32\GDI32.dll
0x00007ffd817e0000 - 0x00007ffd81974000 	C:\Windows\System32\gdi32full.dll
0x00007ffd81320000 - 0x00007ffd813be000 	C:\Windows\System32\msvcp_win.dll
0x00007ffd58f00000 - 0x00007ffd58f19000 	C:\Users\LUIS\.jdks\corretto-11.0.13\bin\VCRUNTIME140.dll
0x00007ffd6f540000 - 0x00007ffd6f7c5000 	C:\Windows\WinSxS\amd64_microsoft.windows.common-controls_6595b64144ccf1df_6.0.18362.30_none_a1435978519dce7f\COMCTL32.dll
0x00007ffd83060000 - 0x00007ffd830fe000 	C:\Windows\System32\msvcrt.dll
0x00007ffd82a90000 - 0x00007ffd82dc6000 	C:\Windows\System32\combase.dll
0x00007ffd825a0000 - 0x00007ffd826c0000 	C:\Windows\System32\RPCRT4.dll
0x00007ffd82290000 - 0x00007ffd82311000 	C:\Windows\System32\bcryptPrimitives.dll
0x00007ffd83100000 - 0x00007ffd8312e000 	C:\Windows\System32\IMM32.DLL
0x00007ffd57740000 - 0x00007ffd577db000 	C:\Users\LUIS\.jdks\corretto-11.0.13\bin\msvcp140.dll
0x00007ffd2fc00000 - 0x00007ffd3077f000 	C:\Users\LUIS\.jdks\corretto-11.0.13\bin\server\jvm.dll
0x00007ffd838f0000 - 0x00007ffd83993000 	C:\Windows\System32\ADVAPI32.dll
0x00007ffd83c00000 - 0x00007ffd83c97000 	C:\Windows\System32\sechost.dll
0x00007ffd83040000 - 0x00007ffd83048000 	C:\Windows\System32\PSAPI.DLL
0x00007ffd6fb80000 - 0x00007ffd6fb89000 	C:\Windows\SYSTEM32\WSOCK32.dll
0x00007ffd71490000 - 0x00007ffd714b4000 	C:\Windows\SYSTEM32\WINMM.dll
0x00007ffd82e70000 - 0x00007ffd82edf000 	C:\Windows\System32\WS2_32.dll
0x00007ffd7c4d0000 - 0x00007ffd7c4da000 	C:\Windows\SYSTEM32\VERSION.dll
0x00007ffd71250000 - 0x00007ffd7127d000 	C:\Windows\SYSTEM32\WINMMBASE.dll
0x00007ffd82350000 - 0x00007ffd8239a000 	C:\Windows\System32\cfgmgr32.dll
0x00007ffd81200000 - 0x00007ffd81211000 	C:\Windows\System32\kernel.appcore.dll
0x00007ffd6a880000 - 0x00007ffd6a890000 	C:\Users\LUIS\.jdks\corretto-11.0.13\bin\verify.dll
0x00007ffd74070000 - 0x00007ffd74264000 	C:\Windows\SYSTEM32\DBGHELP.DLL
0x00007ffd74040000 - 0x00007ffd7406a000 	C:\Windows\SYSTEM32\dbgcore.DLL
0x00007ffd57a20000 - 0x00007ffd57a48000 	C:\Users\LUIS\.jdks\corretto-11.0.13\bin\java.dll
0x00007ffd69ba0000 - 0x00007ffd69baa000 	C:\Users\LUIS\.jdks\corretto-11.0.13\bin\jimage.dll
0x00007ffd62810000 - 0x00007ffd6281e000 	C:\Users\LUIS\.jdks\corretto-11.0.13\bin\instrument.dll
0x00007ffd57e30000 - 0x00007ffd57e47000 	C:\Users\LUIS\.jdks\corretto-11.0.13\bin\zip.dll
0x00007ffd83130000 - 0x00007ffd83810000 	C:\Windows\System32\SHELL32.dll
0x00007ffd83b50000 - 0x00007ffd83bf9000 	C:\Windows\System32\shcore.dll
0x00007ffd81ae0000 - 0x00007ffd8225b000 	C:\Windows\System32\windows.storage.dll
0x00007ffd811c0000 - 0x00007ffd811df000 	C:\Windows\System32\profapi.dll
0x00007ffd81220000 - 0x00007ffd8126a000 	C:\Windows\System32\powrprof.dll
0x00007ffd811b0000 - 0x00007ffd811c0000 	C:\Windows\System32\UMPDC.dll
0x00007ffd82540000 - 0x00007ffd82592000 	C:\Windows\System32\shlwapi.dll
0x00007ffd813c0000 - 0x00007ffd813d7000 	C:\Windows\System32\cryptsp.dll
0x00007ffd57820000 - 0x00007ffd57839000 	C:\Users\LUIS\.jdks\corretto-11.0.13\bin\net.dll
0x00007ffd6f7e0000 - 0x00007ffd6f8cf000 	C:\Windows\SYSTEM32\WINHTTP.dll
0x00007ffd809c0000 - 0x00007ffd80a27000 	C:\Windows\system32\mswsock.dll
0x00007ffd57800000 - 0x00007ffd57812000 	C:\Users\LUIS\.jdks\corretto-11.0.13\bin\nio.dll
0x00007ffd57720000 - 0x00007ffd5773a000 	C:\Program Files\JetBrains\IntelliJ IDEA Community Edition 2021.2.3\bin\breakgen64.dll
0x00007ffd80580000 - 0x00007ffd805b3000 	C:\Windows\system32\rsaenh.dll
0x00007ffd82260000 - 0x00007ffd82286000 	C:\Windows\System32\bcrypt.dll
0x00007ffd810a0000 - 0x00007ffd810c5000 	C:\Windows\SYSTEM32\USERENV.dll
0x00007ffd80b90000 - 0x00007ffd80b9c000 	C:\Windows\SYSTEM32\CRYPTBASE.dll
0x00007ffd80720000 - 0x00007ffd8075a000 	C:\Windows\SYSTEM32\IPHLPAPI.DLL
0x00007ffd83880000 - 0x00007ffd83888000 	C:\Windows\System32\NSI.dll
0x00007ffd74c40000 - 0x00007ffd74c56000 	C:\Windows\SYSTEM32\dhcpcsvc6.DLL
0x00007ffd77f20000 - 0x00007ffd77f3c000 	C:\Windows\SYSTEM32\dhcpcsvc.DLL
0x00007ffd80760000 - 0x00007ffd8082a000 	C:\Windows\SYSTEM32\DNSAPI.dll
0x0000000010000000 - 0x000000001000e000 	C:\Windows\System32\otdpfpjni.dll
0x0000000064b70000 - 0x0000000064c79000 	C:\Windows\WinSxS\amd64_microsoft.vc80.crt_1fc8b3b9a1e18e3b_8.0.50727.9659_none_88dfc6bf2faefcc6\MSVCP80.dll
0x0000000064aa0000 - 0x0000000064b69000 	C:\Windows\WinSxS\amd64_microsoft.vc80.crt_1fc8b3b9a1e18e3b_8.0.50727.9659_none_88dfc6bf2faefcc6\MSVCR80.dll
0x0000000000280000 - 0x0000000000307000 	C:\Windows\SYSTEM32\DPFPApi.DLL
0x00007ffd82ee0000 - 0x00007ffd83036000 	C:\Windows\System32\ole32.dll
0x00007ffd841d0000 - 0x00007ffd84295000 	C:\Windows\System32\OLEAUT32.dll
0x00007ffd81690000 - 0x00007ffd817d9000 	C:\Windows\System32\CRYPT32.dll
0x00007ffd811e0000 - 0x00007ffd811f2000 	C:\Windows\System32\MSASN1.dll
0x0000000000310000 - 0x0000000000369000 	C:\Windows\system32\DPCLBACK.dll
0x00007ffd6be50000 - 0x00007ffd6be67000 	C:\Windows\SYSTEM32\NETAPI32.dll
0x00007ffd80830000 - 0x00007ffd8083c000 	C:\Windows\SYSTEM32\NETUTILS.DLL
0x00007ffd7f560000 - 0x00007ffd7f5f9000 	C:\Windows\system32\uxtheme.dll

dbghelp: loaded successfully - version: 4.0.5 - missing functions: none
symbol engine: initialized successfully - sym options: 0x614 - pdb path: .;C:\Users\LUIS\.jdks\corretto-11.0.13\bin;C:\Windows\SYSTEM32;C:\Windows\WinSxS\amd64_microsoft.windows.common-controls_6595b64144ccf1df_6.0.18362.30_none_a1435978519dce7f;C:\Users\LUIS\.jdks\corretto-11.0.13\bin\server;C:\Program Files\JetBrains\IntelliJ IDEA Community Edition 2021.2.3\bin;C:\Windows\WinSxS\amd64_microsoft.vc80.crt_1fc8b3b9a1e18e3b_8.0.50727.9659_none_88dfc6bf2faefcc6

VM Arguments:
jvm_args: -javaagent:C:\Program Files\JetBrains\IntelliJ IDEA Community Edition 2021.2.3\lib\idea_rt.jar=64202:C:\Program Files\JetBrains\IntelliJ IDEA Community Edition 2021.2.3\bin -Dfile.encoding=UTF-8 
java_command: com.fingerprint.sisrapsur.App
java_class_path (initial): C:\Users\LUIS\Desktop\fingerprintserver\target\classes;C:\Users\LUIS\Downloads\dpotapi.jar;C:\Users\LUIS\Downloads\dpotjni.jar;C:\Users\LUIS\Downloads\dpfpverification.jar;C:\Users\LUIS\Downloads\dpfpenrollment.jar;C:\Users\LUIS\.m2\repository\javax\websocket\javax.websocket-api\1.0\javax.websocket-api-1.0.jar;C:\Users\LUIS\.m2\repository\org\glassfish\tyrus\tyrus-server\1.1\tyrus-server-1.1.jar;C:\Users\LUIS\.m2\repository\org\glassfish\tyrus\tyrus-core\1.1\tyrus-core-1.1.jar;C:\Users\LUIS\.m2\repository\org\glassfish\tyrus\tyrus-spi\1.1\tyrus-spi-1.1.jar;C:\Users\LUIS\.m2\repository\org\glassfish\tyrus\tyrus-websocket-core\1.1\tyrus-websocket-core-1.1.jar;C:\Users\LUIS\.m2\repository\org\glassfish\tyrus\tyrus-client\1.1\tyrus-client-1.1.jar;C:\Users\LUIS\.m2\repository\org\glassfish\tyrus\tyrus-container-grizzly\1.1\tyrus-container-grizzly-1.1.jar;C:\Users\LUIS\.m2\repository\org\glassfish\grizzly\grizzly-framework\2.3.3\grizzly-framework-2.3.3.jar;C:\Users\LUIS\.m2\repository\org\glassfish\grizzly\grizzly-http-server\2.3.3\grizzly-http-server-2.3.3.jar;C:\Users\LUIS\.m2\repository\org\glassfish\grizzly\grizzly-http\2.3.3\grizzly-http-2.3.3.jar;C:\Users\LUIS\.m2\repository\org\glassfish\grizzly\grizzly-rcm\2.3.3\grizzly-rcm-2.3.3.jar;C:\Users\LUIS\.m2\repository\org\json\json\20180813\json-20180813.jar;C:\Users\LUIS\.m2\repository\com\thetransactioncompany\cors-filter\2.10\cors-filter-2.10.jar
Launcher Type: SUN_STANDARD

[Global flags]
     intx CICompilerCount                          = 3                                         {product} {ergonomic}
     uint ConcGCThreads                            = 1                                         {product} {ergonomic}
     uint G1ConcRefinementThreads                  = 4                                         {product} {ergonomic}
   size_t G1HeapRegionSize                         = 1048576                                   {product} {ergonomic}
    uintx GCDrainStackTargetSize                   = 64                                        {product} {ergonomic}
   size_t InitialHeapSize                          = 132120576                                 {product} {ergonomic}
   size_t MarkStackSize                            = 4194304                                   {product} {ergonomic}
   size_t MaxHeapSize                              = 2113929216                                {product} {ergonomic}
   size_t MaxNewSize                               = 1267728384                                {product} {ergonomic}
   size_t MinHeapDeltaBytes                        = 1048576                                   {product} {ergonomic}
    uintx NonNMethodCodeHeapSize                   = 5830732                                {pd product} {ergonomic}
    uintx NonProfiledCodeHeapSize                  = 122913754                              {pd product} {ergonomic}
    uintx ProfiledCodeHeapSize                     = 122913754                              {pd product} {ergonomic}
    uintx ReservedCodeCacheSize                    = 251658240                              {pd product} {ergonomic}
     bool SegmentedCodeCache                       = true                                      {product} {ergonomic}
     bool UseCompressedClassPointers               = true                                 {lp64_product} {ergonomic}
     bool UseCompressedOops                        = true                                 {lp64_product} {ergonomic}
     bool UseG1GC                                  = true                                      {product} {ergonomic}
     bool UseLargePagesIndividualAllocation        = false                                  {pd product} {ergonomic}

Logging:
Log output configuration:
 #0: stdout all=warning uptime,level,tags
 #1: stderr all=off uptime,level,tags

Environment Variables:
PATH=C:\Program Files (x86)\Common Files\Oracle\Java\javapath;C:\Windows\system32;C:\Windows;C:\Windows\System32\Wbem;C:\Windows\System32\WindowsPowerShell\v1.0\;C:\Windows\System32\OpenSSH\;C:\Program Files\nodejs\;C:\Program Files\Git\cmd;C:\Program Files\apache-maven-3.8.3\bin;C:\Users\LUIS\AppData\Local\Microsoft\WindowsApps;C:\Users\LUIS\AppData\Roaming\npm;C:\Users\LUIS\AppData\Local\Programs\Microsoft VS Code\bin
USERNAME=LUIS
OS=Windows_NT
PROCESSOR_IDENTIFIER=Intel64 Family 6 Model 142 Stepping 9, GenuineIntel



---------------  S Y S T E M  ---------------

OS: Windows 10 , 64 bit Build 18362 (10.0.18362.1)
OS uptime: 3 days 11:16 hours

CPU:total 4 (initial active 4) (2 cores per cpu, 2 threads per core) family 6 model 142 stepping 9 microcode 0x8e, cmov, cx8, fxsr, mmx, sse, sse2, sse3, ssse3, sse4.1, sse4.2, popcnt, avx, avx2, aes, clmul, erms, 3dnowpref, lzcnt, ht, tsc, tscinvbit, bmi1, bmi2, adx, fma

Memory: 4k page, system-wide physical 8060M (2074M free)
TotalPageFile size 10196M (AvailPageFile size 3135M)
current process WorkingSet (physical memory assigned to process): 121M, peak: 158M
current process commit charge ("private bytes"): 217M, peak: 303M

vm_info: OpenJDK 64-Bit Server VM (11.0.13+8-LTS) for windows-amd64 JRE (11.0.13+8-LTS), built on Oct 13 2021 21:32:06 by "Administrator" with unknown MS VC++:1916

END.
